\BOOKMARK [1][-]{section.1}{Introduction}{}% 1
\BOOKMARK [1][-]{section.2}{Material\040and\040method}{}% 2
\BOOKMARK [2][-]{subsection.2.1}{Experimental\040design}{section.2}% 3
\BOOKMARK [2][-]{subsection.2.2}{Extraction\040of\040Sand\040Community\040\(SC\)}{section.2}% 4
\BOOKMARK [2][-]{subsection.2.3}{Pseudomonas\040veronii\040and\040Pseudomonas\040putida}{section.2}% 5
\BOOKMARK [2][-]{subsection.2.4}{Inoculation}{section.2}% 6
\BOOKMARK [2][-]{subsection.2.5}{Sampling\040and\040count\040of\040cells}{section.2}% 7
\BOOKMARK [2][-]{subsection.2.6}{Statistical\040method}{section.2}% 8
\BOOKMARK [1][-]{section.3}{Results}{}% 9
\BOOKMARK [2][-]{subsection.3.1}{Week 1 – SC, PP, PPSC}{section.3}% 10
\BOOKMARK [3][-]{subsubsection.3.1.1}{Total\040cell\040count\040comparison}{subsection.3.1}% 11
\BOOKMARK [3][-]{subsubsection.3.1.2}{Sand\040Community}{subsection.3.1}% 12
\BOOKMARK [3][-]{subsubsection.3.1.3}{Pseudomonas\040putida}{subsection.3.1}% 13
\BOOKMARK [2][-]{subsection.3.2}{Week 2 – SC, PV, PVSC}{section.3}% 14
\BOOKMARK [3][-]{subsubsection.3.2.1}{Total\040cell\040count\040comparison}{subsection.3.2}% 15
\BOOKMARK [3][-]{subsubsection.3.2.2}{Sand\040Community}{subsection.3.2}% 16
\BOOKMARK [3][-]{subsubsection.3.2.3}{Pseudomonas\040veronii}{subsection.3.2}% 17
\BOOKMARK [1][-]{section.4}{Discussion}{}% 18
\BOOKMARK [2][-]{subsection.4.1}{mCherry\040issue}{section.4}% 19
\BOOKMARK [2][-]{subsection.4.2}{Bacterial\040interactions}{section.4}% 20
\BOOKMARK [2][-]{subsection.4.3}{Back\040to\040context}{section.4}% 21
\BOOKMARK [2][-]{subsection.4.4}{Conclusion}{section.4}% 22
